왼쪽 왼 쪽 왼쪽  왼쪽 왼 쪽 왼쪽  돌아 돌 아 돌아  돋 돋  
왼쪽 왼 쪽 왼쪽  왼쪽 왼 쪽 왼쪽  회전 회 전 회전  회전 회 전 회전  
좌 좌  좌 좌  돌아 돌 아 돌아  돋 돋  
좌 좌  좌 좌  회전 회 전 회전  회전 회 전 회전  
왼쪽 왼 쪽 왼쪽  왼쪽 왼 쪽 왼쪽  돌아 돌 아 돌아  돋 돋  
오른쪽 오 른 쪽 오른 른쪽 오른쪽  오른쪽 오 른 쪽 오른 른쪽 오른쪽  회전 회 전 회전  회전 회 전 회전  
우 우  우로 우 로 우로  돌아 돌 아 돌아  아 아  
우 우  우로 우 로 우로  회전 회 전 회전  
오른쪽 오 른 쪽 오른 른쪽 오른쪽  오른쪽 오 른 쪽 오른 른쪽 오른쪽  돌아 돌 아 돌아  돋 돋  
왼쪽 왼 쪽 왼쪽  왼쪽 왼 쪽 왼쪽  전진 전 진 전진  전진 전 진 전진  
왼쪽 왼 쪽 왼쪽  왼쪽 왼 쪽 왼쪽  가 가  가 가  
왼쪽 왼 쪽 왼쪽  왼쪽 왼 쪽 왼쪽  걸어 걸 어 걸어  걷 걷  
좌 좌  좌 좌  전진 전 진 전진  전진 전 진 전진  
오른쪽 오 른 쪽 오른 른쪽 오른쪽  오른쪽 오 른 쪽 오른 른쪽 오른쪽  전진 전 진 전진  전진 전 진 전진  
오른쪽 오 른 쪽 오른 른쪽 오른쪽  오른쪽 오 른 쪽 오른 른쪽 오른쪽  가 가  가 가  
오른쪽 오 른 쪽 오른 른쪽 오른쪽  오른쪽 오 른 쪽 오른 른쪽 오른쪽  걸어 걸 어 걸어  걷 걷  
우 우  우로 우 로 우로  전진 전 진 전진  
앞 앞  앞 앞  가 가  가 가  
앞 앞  앞 앞  가 가  가 가  
앞 앞  앞 앞  전진 전 진 전진  전진 전 진 전진  
뒤 뒤  뒤 뒤  가 가  가 가  
뒤 뒤  뒤 뒤  가 가  가 가  
뒤 뒤  뒤 뒤  걸어 걸 어 걸어  걷 걷  
공격 공 격 공격  공격 공 격 공격  
때려 때 려 때려  때리 때 리 때리  
주먹 주 먹 주먹  주먹 주 먹 주먹  때려 때 려 때려  때리 때 리 때리  
왼쪽 왼 쪽 왼쪽  왼쪽 왼 쪽 왼쪽  돌아 돌 아 돌아  돋 돋  
왼쪽 왼 쪽 왼쪽  왼쪽 왼 쪽 왼쪽  회전 회 전 회전  회전 회 전 회전  
좌 좌  좌 좌  돌아 돌 아 돌아  돋 돋  
좌 좌  좌 좌  회전 회 전 회전  회전 회 전 회전  
왼쪽 왼 쪽 왼쪽  왼쪽 왼 쪽 왼쪽  돌아 돌 아 돌아  돋 돋  
오른쪽 오 른 쪽 오른 른쪽 오른쪽  오른쪽 오 른 쪽 오른 른쪽 오른쪽  회전 회 전 회전  회전 회 전 회전  
우 우  우로 우 로 우로  돌아 돌 아 돌아  아 아  
우 우  우로 우 로 우로  회전 회 전 회전  
오른쪽 오 른 쪽 오른 른쪽 오른쪽  오른쪽 오 른 쪽 오른 른쪽 오른쪽  돌아 돌 아 돌아  돋 돋  
왼쪽 왼 쪽 왼쪽  왼쪽 왼 쪽 왼쪽  전진 전 진 전진  전진 전 진 전진  
왼쪽 왼 쪽 왼쪽  왼쪽 왼 쪽 왼쪽  가 가  가 가  
왼쪽 왼 쪽 왼쪽  왼쪽 왼 쪽 왼쪽  걸어 걸 어 걸어  걷 걷  
좌 좌  좌 좌  전진 전 진 전진  전진 전 진 전진  
오른쪽 오 른 쪽 오른 른쪽 오른쪽  오른쪽 오 른 쪽 오른 른쪽 오른쪽  전진 전 진 전진  전진 전 진 전진  
오른쪽 오 른 쪽 오른 른쪽 오른쪽  오른쪽 오 른 쪽 오른 른쪽 오른쪽  가 가  가 가  
오른쪽 오 른 쪽 오른 른쪽 오른쪽  오른쪽 오 른 쪽 오른 른쪽 오른쪽  걸어 걸 어 걸어  걷 걷  
우 우  우로 우 로 우로  전진 전 진 전진  
앞 앞  앞 앞  가 가  가 가  
앞 앞  앞 앞  가 가  가 가  
앞 앞  앞 앞  전진 전 진 전진  전진 전 진 전진  
뒤 뒤  뒤 뒤  가 가  가 가  
뒤 뒤  뒤 뒤  가 가  가 가  
뒤 뒤  뒤 뒤  걸어 걸 어 걸어  걷 걷  
공격 공 격 공격  공격 공 격 공격  
때려 때 려 때려  때리 때 리 때리  
주먹 주 먹 주먹  주먹 주 먹 주먹  때려 때 려 때려  때리 때 리 때리  
